openCVLibrary346_1/build/outputs/logs/manifest-merger-debug-report.txt
-- Merging decision tree log ---
manifest
ADDED from openCVLibrary346_1\java\AndroidManifest.xml:2:1-7:12
INJECTED from openCVLibrary346_1\java\AndroidManifest.xml:2:1-7:12
INJECTED from openCVLibrary346_1\java\AndroidManifest.xml:2:1-7:12
INJECTED from openCVLibrary346_1\java\AndroidManifest.xml:2:1-7:12
INJECTED from openCVLibrary346_1\java\AndroidManifest.xml:2:1-7:12
INJECTED from openCVLibrary346_1\java\AndroidManifest.xml:2:1-7:12
INJECTED from openCVLibrary346_1\java\AndroidManifest.xml:2:1-7:12
	package
		ADDED from openCVLibrary346_1\java\AndroidManifest.xml:3:5-25
		INJECTED from openCVLibrary346_1\java\AndroidManifest.xml
		INJECTED from openCVLibrary346_1\java\AndroidManifest.xml
	android:versionName
		ADDED from openCVLibrary346_1\java\AndroidManifest.xml:5:5-32
		INJECTED from openCVLibrary346_1\java\AndroidManifest.xml
		INJECTED from openCVLibrary346_1\java\AndroidManifest.xml
	xmlns:android
		ADDED from openCVLibrary346_1\java\AndroidManifest.xml:2:11-69
	android:versionCode
		ADDED from openCVLibrary346_1\java\AndroidManifest.xml:4:5-31
		INJECTED from openCVLibrary346_1\java\AndroidManifest.xml
		INJECTED from openCVLibrary346_1\java\AndroidManifest.xml
uses-sdk
INJECTED from openCVLibrary346_1\java\AndroidManifest.xml reason: use-sdk injection requested
INJECTED from openCVLibrary346_1\java\AndroidManifest.xml
INJECTED from openCVLibrary346_1\java\AndroidManifest.xml
INJECTED from openCVLibrary346_1\java\AndroidManifest.xml
INJECTED from openCVLibrary346_1\java\AndroidManifest.xml
	android:targetSdkVersion
		INJECTED from openCVLibrary346_1\java\AndroidManifest.xml
		ADDED from openCVLibrary346_1\java\AndroidManifest.xml
		INJECTED from openCVLibrary346_1\java\AndroidManifest.xml
	android:minSdkVersion
		INJECTED from openCVLibrary346_1\java\AndroidManifest.xml
		ADDED from openCVLibrary346_1\java\AndroidManifest.xml
		INJECTED from openCVLibrary346_1\java\AndroidManifest.xml